Start testing: Jul 10 12:11 IST
----------------------------------------------------------
Changing directory into: /home/poorna/entangled/maidsafe-dht/maidsafe-dht-read-only/src/build/Linux
1/44 Testing: TESTupnp
1/44 Test: TESTupnp
Command: "/home/poorna/entangled/maidsafe-dht/maidsafe-dht-read-only/src/build/Linux/Debug/bin/TESTupnp" 
Directory: /home/poorna/entangled/maidsafe-dht/maidsafe-dht-read-only/src/build/Linux
"TESTupnp" start time: Jul 10 12:11 IST
Output:
----------------------------------------------------------
[==========] Running 1 test from 1 test case.
[----------] Global test environment set-up.
[----------] 1 test from UpnpTest
[ RUN      ] UpnpTest.BEH_UPNP_PortMappingTest
Discovering the UPnP device...
Mapping UDP port...
Port mapping result:
	mapping: 0
	port: 63333
	errmsg: 
	map_transport: 1
Port successfully mapped to 63333.
Deleting the UDP mapped port...
Closing UPnP...
UPnP test completed successfully.
[       OK ] UpnpTest.BEH_UPNP_PortMappingTest
[----------] Global test environment tear-down
[==========] 1 test from 1 test case ran.
[  PASSED  ] 1 test.
----------------------------------------------------------
"TESTupnp" end time: Jul 10 12:11 IST
"TESTupnp" time elapsed: 00:00:06
----------------------------------------------------------

2/44 Testing: CHK_KAD
2/44 Test: CHK_KAD
Command: "/home/poorna/entangled/maidsafe-dht/maidsafe-dht-read-only/src/cpplint.py" "/home/poorna/entangled/maidsafe-dht/maidsafe-dht-read-only/src/kademlia/kadservice.cc" "/home/poorna/entangled/maidsafe-dht/maidsafe-dht-read-only/src/kademlia/knode.cc" "/home/poorna/entangled/maidsafe-dht/maidsafe-dht-read-only/src/kademlia/datastore.cc" "/home/poorna/entangled/maidsafe-dht/maidsafe-dht-read-only/src/kademlia/kbucket.cc" "/home/poorna/entangled/maidsafe-dht/maidsafe-dht-read-only/src/kademlia/kadutils.cc" "/home/poorna/entangled/maidsafe-dht/maidsafe-dht-read-only/src/kademlia/knodeimpl.cc" "/home/poorna/entangled/maidsafe-dht/maidsafe-dht-read-only/src/kademlia/contact.cc" "/home/poorna/entangled/maidsafe-dht/maidsafe-dht-read-only/src/kademlia/kadrpc.cc" "/home/poorna/entangled/maidsafe-dht/maidsafe-dht-read-only/src/kademlia/routingtable.cc" "/home/poorna/entangled/maidsafe-dht/maidsafe-dht-read-only/src/kademlia/kadutils.h" "/home/poorna/entangled/maidsafe-dht/maidsafe-dht-read-only/src/kademlia/datastore.h" "/home/poorna/entangled/maidsafe-dht/maidsafe-dht-read-only/src/kademlia/knodeimpl.h" "/home/poorna/entangled/maidsafe-dht/maidsafe-dht-read-only/src/kademlia/kbucket.h" "/home/poorna/entangled/maidsafe-dht/maidsafe-dht-read-only/src/kademlia/routingtable.h" "/home/poorna/entangled/maidsafe-dht/maidsafe-dht-read-only/src/kademlia/kadrpc.h" "/home/poorna/entangled/maidsafe-dht/maidsafe-dht-read-only/src/kademlia/kadservice.h" "/home/poorna/entangled/maidsafe-dht/maidsafe-dht-read-only/src/tests/kademlia/testnatdetection.cc" "/home/poorna/entangled/maidsafe-dht/maidsafe-dht-read-only/src/tests/kademlia/testdatastore.cc" "/home/poorna/entangled/maidsafe-dht/maidsafe-dht-read-only/src/tests/kademlia/testkadservice.cc" "/home/poorna/entangled/maidsafe-dht/maidsafe-dht-read-only/src/tests/kademlia/testkadutils.cc" "/home/poorna/entangled/maidsafe-dht/maidsafe-dht-read-only/src/tests/kademlia/testkbucket.cc" "/home/poorna/entangled/maidsafe-dht/maidsafe-dht-read-only/src/tests/kademlia/testaddnodeknode.cc" "/home/poorna/entangled/maidsafe-dht/maidsafe-dht-read-only/src/tests/kademlia/testcontact.cc" "/home/poorna/entangled/maidsafe-dht/maidsafe-dht-read-only/src/tests/kademlia/testroutingtable.cc" "/home/poorna/entangled/maidsafe-dht/maidsafe-dht-read-only/src/tests/kademlia/fake_callbacks.h" "/home/poorna/entangled/maidsafe-dht/maidsafe-dht-read-only/src/tests/functionalkademlia/testknodefunctional.cc" 
Directory: /home/poorna/entangled/maidsafe-dht/maidsafe-dht-read-only/src/build/Linux
"CHK_KAD" start time: Jul 10 12:11 IST
Output:
----------------------------------------------------------
Done processing /home/poorna/entangled/maidsafe-dht/maidsafe-dht-read-only/src/kademlia/kadservice.cc
Done processing /home/poorna/entangled/maidsafe-dht/maidsafe-dht-read-only/src/kademlia/knode.cc
Done processing /home/poorna/entangled/maidsafe-dht/maidsafe-dht-read-only/src/kademlia/datastore.cc
Done processing /home/poorna/entangled/maidsafe-dht/maidsafe-dht-read-only/src/kademlia/kbucket.cc
Done processing /home/poorna/entangled/maidsafe-dht/maidsafe-dht-read-only/src/kademlia/kadutils.cc
Done processing /home/poorna/entangled/maidsafe-dht/maidsafe-dht-read-only/src/kademlia/knodeimpl.cc
Done processing /home/poorna/entangled/maidsafe-dht/maidsafe-dht-read-only/src/kademlia/contact.cc
Done processing /home/poorna/entangled/maidsafe-dht/maidsafe-dht-read-only/src/kademlia/kadrpc.cc
Done processing /home/poorna/entangled/maidsafe-dht/maidsafe-dht-read-only/src/kademlia/routingtable.cc
Done processing /home/poorna/entangled/maidsafe-dht/maidsafe-dht-read-only/src/kademlia/kadutils.h
Done processing /home/poorna/entangled/maidsafe-dht/maidsafe-dht-read-only/src/kademlia/datastore.h
Done processing /home/poorna/entangled/maidsafe-dht/maidsafe-dht-read-only/src/kademlia/knodeimpl.h
Done processing /home/poorna/entangled/maidsafe-dht/maidsafe-dht-read-only/src/kademlia/kbucket.h
Done processing /home/poorna/entangled/maidsafe-dht/maidsafe-dht-read-only/src/kademlia/routingtable.h
Done processing /home/poorna/entangled/maidsafe-dht/maidsafe-dht-read-only/src/kademlia/kadrpc.h
Done processing /home/poorna/entangled/maidsafe-dht/maidsafe-dht-read-only/src/kademlia/kadservice.h
Done processing /home/poorna/entangled/maidsafe-dht/maidsafe-dht-read-only/src/tests/kademlia/testnatdetection.cc
Done processing /home/poorna/entangled/maidsafe-dht/maidsafe-dht-read-only/src/tests/kademlia/testdatastore.cc
Done processing /home/poorna/entangled/maidsafe-dht/maidsafe-dht-read-only/src/tests/kademlia/testkadservice.cc
Done processing /home/poorna/entangled/maidsafe-dht/maidsafe-dht-read-only/src/tests/kademlia/testkadutils.cc
Done processing /home/poorna/entangled/maidsafe-dht/maidsafe-dht-read-only/src/tests/kademlia/testkbucket.cc
Done processing /home/poorna/entangled/maidsafe-dht/maidsafe-dht-read-only/src/tests/kademlia/testaddnodeknode.cc
Done processing /home/poorna/entangled/maidsafe-dht/maidsafe-dht-read-only/src/tests/kademlia/testcontact.cc
Done processing /home/poorna/entangled/maidsafe-dht/maidsafe-dht-read-only/src/tests/kademlia/testroutingtable.cc
Done processing /home/poorna/entangled/maidsafe-dht/maidsafe-dht-read-only/src/tests/kademlia/fake_callbacks.h
Done processing /home/poorna/entangled/maidsafe-dht/maidsafe-dht-read-only/src/tests/functionalkademlia/testknodefunctional.cc
Total errors found: 0
----------------------------------------------------------
"CHK_KAD" end time: Jul 10 12:11 IST
"CHK_KAD" time elapsed: 00:00:03
----------------------------------------------------------

3/44 Testing: CHK_BASE
3/44 Test: CHK_BASE
Command: "/home/poorna/entangled/maidsafe-dht/maidsafe-dht-read-only/src/cpplint.py" "/home/poorna/entangled/maidsafe-dht/maidsafe-dht-read-only/src/base/rsakeypair.cc" "/home/poorna/entangled/maidsafe-dht/maidsafe-dht-read-only/src/base/cppsqlite3.cc" "/home/poorna/entangled/maidsafe-dht/maidsafe-dht-read-only/src/base/utils.cc" "/home/poorna/entangled/maidsafe-dht/maidsafe-dht-read-only/src/base/crypto.cc" "/home/poorna/entangled/maidsafe-dht/maidsafe-dht-read-only/src/base/calllatertimer.cc" "/home/poorna/entangled/maidsafe-dht/maidsafe-dht-read-only/src/base/routingtable.cc" "/home/poorna/entangled/maidsafe-dht/maidsafe-dht-read-only/src/base/crypto.h" "/home/poorna/entangled/maidsafe-dht/maidsafe-dht-read-only/src/base/nullstream.h" "/home/poorna/entangled/maidsafe-dht/maidsafe-dht-read-only/src/base/singleton.h" "/home/poorna/entangled/maidsafe-dht/maidsafe-dht-read-only/src/base/config.h" "/home/poorna/entangled/maidsafe-dht/maidsafe-dht-read-only/src/base/cppsqlite3.h" "/home/poorna/entangled/maidsafe-dht/maidsafe-dht-read-only/src/base/routingtable.h" "/home/poorna/entangled/maidsafe-dht/maidsafe-dht-read-only/src/base/configfile.h" "/home/poorna/entangled/maidsafe-dht/maidsafe-dht-read-only/src/base/calllatertimer.h" "/home/poorna/entangled/maidsafe-dht/maidsafe-dht-read-only/src/base/rsakeypair.h" "/home/poorna/entangled/maidsafe-dht/maidsafe-dht-read-only/src/tests/base/testutils.cc" "/home/poorna/entangled/maidsafe-dht/maidsafe-dht-read-only/src/tests/base/testcrypto.cc" "/home/poorna/entangled/maidsafe-dht/maidsafe-dht-read-only/src/tests/base/testcppsqlite.cc" "/home/poorna/entangled/maidsafe-dht/maidsafe-dht-read-only/src/tests/base/testcalllater.cc" "/home/poorna/entangled/maidsafe-dht/maidsafe-dht-read-only/src/tests/base/testdetectplatform.cc" "/home/poorna/entangled/maidsafe-dht/maidsafe-dht-read-only/src/tests/base/testroutingtable.cc" 
Directory: /home/poorna/entangled/maidsafe-dht/maidsafe-dht-read-only/src/build/Linux
"CHK_BASE" start time: Jul 10 12:11 IST
Output:
----------------------------------------------------------
Done processing /home/poorna/entangled/maidsafe-dht/maidsafe-dht-read-only/src/base/rsakeypair.cc
Done processing /home/poorna/entangled/maidsafe-dht/maidsafe-dht-read-only/src/base/cppsqlite3.cc
Done processing /home/poorna/entangled/maidsafe-dht/maidsafe-dht-read-only/src/base/utils.cc
Done processing /home/poorna/entangled/maidsafe-dht/maidsafe-dht-read-only/src/base/crypto.cc
Done processing /home/poorna/entangled/maidsafe-dht/maidsafe-dht-read-only/src/base/calllatertimer.cc
Done processing /home/poorna/entangled/maidsafe-dht/maidsafe-dht-read-only/src/base/routingtable.cc
Done processing /home/poorna/entangled/maidsafe-dht/maidsafe-dht-read-only/src/base/crypto.h
Done processing /home/poorna/entangled/maidsafe-dht/maidsafe-dht-read-only/src/base/nullstream.h
Done processing /home/poorna/entangled/maidsafe-dht/maidsafe-dht-read-only/src/base/singleton.h
Done processing /home/poorna/entangled/maidsafe-dht/maidsafe-dht-read-only/src/base/config.h
Done processing /home/poorna/entangled/maidsafe-dht/maidsafe-dht-read-only/src/base/cppsqlite3.h
Done processing /home/poorna/entangled/maidsafe-dht/maidsafe-dht-read-only/src/base/routingtable.h
Done processing /home/poorna/entangled/maidsafe-dht/maidsafe-dht-read-only/src/base/configfile.h
Done processing /home/poorna/entangled/maidsafe-dht/maidsafe-dht-read-only/src/base/calllatertimer.h
Done processing /home/poorna/entangled/maidsafe-dht/maidsafe-dht-read-only/src/base/rsakeypair.h
Done processing /home/poorna/entangled/maidsafe-dht/maidsafe-dht-read-only/src/tests/base/testutils.cc
Done processing /home/poorna/entangled/maidsafe-dht/maidsafe-dht-read-only/src/tests/base/testcrypto.cc
Done processing /home/poorna/entangled/maidsafe-dht/maidsafe-dht-read-only/src/tests/base/testcppsqlite.cc
Done processing /home/poorna/entangled/maidsafe-dht/maidsafe-dht-read-only/src/tests/base/testcalllater.cc
Done processing /home/poorna/entangled/maidsafe-dht/maidsafe-dht-read-only/src/tests/base/testdetectplatform.cc
Done processing /home/poorna/entangled/maidsafe-dht/maidsafe-dht-read-only/src/tests/base/testroutingtable.cc
Total errors found: 0
----------------------------------------------------------
"CHK_BASE" end time: Jul 10 12:11 IST
"CHK_BASE" time elapsed: 00:00:02
----------------------------------------------------------

4/44 Testing: CHK_RPC
4/44 Test: CHK_RPC
Command: "/home/poorna/entangled/maidsafe-dht/maidsafe-dht-read-only/src/cpplint.py" "/home/poorna/entangled/maidsafe-dht/maidsafe-dht-read-only/src/rpcprotocol/channel.cc" "/home/poorna/entangled/maidsafe-dht/maidsafe-dht-read-only/src/rpcprotocol/channelmanager.cc" "/home/poorna/entangled/maidsafe-dht/maidsafe-dht-read-only/src/rpcprotocol/channelmanagerimpl.cc" "/home/poorna/entangled/maidsafe-dht/maidsafe-dht-read-only/src/rpcprotocol/channelimpl.cc" "/home/poorna/entangled/maidsafe-dht/maidsafe-dht-read-only/src/rpcprotocol/channelimpl.h" "/home/poorna/entangled/maidsafe-dht/maidsafe-dht-read-only/src/rpcprotocol/channelmanagerimpl.h" "/home/poorna/entangled/maidsafe-dht/maidsafe-dht-read-only/src/tests/rpcprotocol/testrpcprotocol.cc" 
Directory: /home/poorna/entangled/maidsafe-dht/maidsafe-dht-read-only/src/build/Linux
"CHK_RPC" start time: Jul 10 12:11 IST
Output:
----------------------------------------------------------
Done processing /home/poorna/entangled/maidsafe-dht/maidsafe-dht-read-only/src/rpcprotocol/channel.cc
Done processing /home/poorna/entangled/maidsafe-dht/maidsafe-dht-read-only/src/rpcprotocol/channelmanager.cc
Done processing /home/poorna/entangled/maidsafe-dht/maidsafe-dht-read-only/src/rpcprotocol/channelmanagerimpl.cc
Done processing /home/poorna/entangled/maidsafe-dht/maidsafe-dht-read-only/src/rpcprotocol/channelimpl.cc
Done processing /home/poorna/entangled/maidsafe-dht/maidsafe-dht-read-only/src/rpcprotocol/channelimpl.h
Done processing /home/poorna/entangled/maidsafe-dht/maidsafe-dht-read-only/src/rpcprotocol/channelmanagerimpl.h
Done processing /home/poorna/entangled/maidsafe-dht/maidsafe-dht-read-only/src/tests/rpcprotocol/testrpcprotocol.cc
Total errors found: 0
----------------------------------------------------------
"CHK_RPC" end time: Jul 10 12:11 IST
"CHK_RPC" time elapsed: 00:00:00
----------------------------------------------------------

5/44 Testing: BEH_BASE_AddTuple
5/44 Test: BEH_BASE_AddTuple
Command: "/home/poorna/entangled/maidsafe-dht/maidsafe-dht-read-only/src/build/Linux/Debug/bin/TESTbase" "--gtest_filter=*BEH_BASE_AddTuple*" 
Directory: /home/poorna/entangled/maidsafe-dht/maidsafe-dht-read-only/src/build/Linux
"BEH_BASE_AddTuple" start time: Jul 10 12:11 IST
Output:
----------------------------------------------------------
Note: Google Test filter = *BEH_BASE_AddTuple*
[==========] Running 1 test from 1 test case.
[----------] Global test environment set-up.
[----------] 1 test from PDRoutingTableHandlerTest
[ RUN      ] PDRoutingTableHandlerTest.BEH_BASE_AddTuple
[       OK ] PDRoutingTableHandlerTest.BEH_BASE_AddTuple
[----------] Global test environment tear-down
[==========] 1 test from 1 test case ran.
[  PASSED  ] 1 test.
----------------------------------------------------------
"BEH_BASE_AddTuple" end time: Jul 10 12:11 IST
"BEH_BASE_AddTuple" time elapsed: 00:00:00
----------------------------------------------------------

6/44 Testing: BEH_BASE_ReadTuple
6/44 Test: BEH_BASE_ReadTuple
Command: "/home/poorna/entangled/maidsafe-dht/maidsafe-dht-read-only/src/build/Linux/Debug/bin/TESTbase" "--gtest_filter=*BEH_BASE_ReadTuple*" 
Directory: /home/poorna/entangled/maidsafe-dht/maidsafe-dht-read-only/src/build/Linux
"BEH_BASE_ReadTuple" start time: Jul 10 12:11 IST
Output:
----------------------------------------------------------
Note: Google Test filter = *BEH_BASE_ReadTuple*
[==========] Running 1 test from 1 test case.
[----------] Global test environment set-up.
[----------] 1 test from PDRoutingTableHandlerTest
[ RUN      ] PDRoutingTableHandlerTest.BEH_BASE_ReadTuple
[       OK ] PDRoutingTableHandlerTest.BEH_BASE_ReadTuple
[----------] Global test environment tear-down
[==========] 1 test from 1 test case ran.
[  PASSED  ] 1 test.
----------------------------------------------------------
"BEH_BASE_ReadTuple" end time: Jul 10 12:11 IST
"BEH_BASE_ReadTuple" time elapsed: 00:00:00
----------------------------------------------------------

7/44 Testing: BEH_BASE_DeleteTuple
7/44 Test: BEH_BASE_DeleteTuple
Command: "/home/poorna/entangled/maidsafe-dht/maidsafe-dht-read-only/src/build/Linux/Debug/bin/TESTbase" "--gtest_filter=*BEH_BASE_DeleteTuple*" 
Directory: /home/poorna/entangled/maidsafe-dht/maidsafe-dht-read-only/src/build/Linux
"BEH_BASE_DeleteTuple" start time: Jul 10 12:11 IST
Output:
----------------------------------------------------------
Note: Google Test filter = *BEH_BASE_DeleteTuple*
[==========] Running 1 test from 1 test case.
[----------] Global test environment set-up.
[----------] 1 test from PDRoutingTableHandlerTest
[ RUN      ] PDRoutingTableHandlerTest.BEH_BASE_DeleteTuple
[       OK ] PDRoutingTableHandlerTest.BEH_BASE_DeleteTuple
[----------] Global test environment tear-down
[==========] 1 test from 1 test case ran.
[  PASSED  ] 1 test.
----------------------------------------------------------
"BEH_BASE_DeleteTuple" end time: Jul 10 12:11 IST
"BEH_BASE_DeleteTuple" time elapsed: 00:00:00
----------------------------------------------------------

8/44 Testing: BEH_BASE_UpdateTuple
8/44 Test: BEH_BASE_UpdateTuple
Command: "/home/poorna/entangled/maidsafe-dht/maidsafe-dht-read-only/src/build/Linux/Debug/bin/TESTbase" "--gtest_filter=*BEH_BASE_UpdateTuple*" 
Directory: /home/poorna/entangled/maidsafe-dht/maidsafe-dht-read-only/src/build/Linux
"BEH_BASE_UpdateTuple" start time: Jul 10 12:11 IST
Output:
----------------------------------------------------------
Note: Google Test filter = *BEH_BASE_UpdateTuple*
[==========] Running 1 test from 1 test case.
[----------] Global test environment set-up.
[----------] 1 test from PDRoutingTableHandlerTest
[ RUN      ] PDRoutingTableHandlerTest.BEH_BASE_UpdateTuple
[       OK ] PDRoutingTableHandlerTest.BEH_BASE_UpdateTuple
[----------] Global test environment tear-down
[==========] 1 test from 1 test case ran.
[  PASSED  ] 1 test.
----------------------------------------------------------
"BEH_BASE_UpdateTuple" end time: Jul 10 12:11 IST
"BEH_BASE_UpdateTuple" time elapsed: 00:00:00
----------------------------------------------------------

9/44 Testing: BEH_BASE_DetectPlatform
9/44 Test: BEH_BASE_DetectPlatform
Command: "/home/poorna/entangled/maidsafe-dht/maidsafe-dht-read-only/src/build/Linux/Debug/bin/TESTbase" "--gtest_filter=*BEH_BASE_DetectPlatform*" 
Directory: /home/poorna/entangled/maidsafe-dht/maidsafe-dht-read-only/src/build/Linux
"BEH_BASE_DetectPlatform" start time: Jul 10 12:11 IST
Output:
----------------------------------------------------------
Note: Google Test filter = *BEH_BASE_DetectPlatform*
[==========] Running 1 test from 1 test case.
[----------] Global test environment set-up.
[----------] 1 test from FindPlatform
[ RUN      ] FindPlatform.BEH_BASE_DetectPlatform
We have cunningly detected your platform as being POSIX.
[       OK ] FindPlatform.BEH_BASE_DetectPlatform
[----------] Global test environment tear-down
[==========] 1 test from 1 test case ran.
[  PASSED  ] 1 test.
----------------------------------------------------------
"BEH_BASE_DetectPlatform" end time: Jul 10 12:11 IST
"BEH_BASE_DetectPlatform" time elapsed: 00:00:00
----------------------------------------------------------

10/44 Testing: BEH_BASE_AddCallLater
10/44 Test: BEH_BASE_AddCallLater
Command: "/home/poorna/entangled/maidsafe-dht/maidsafe-dht-read-only/src/build/Linux/Debug/bin/TESTbase" "--gtest_filter=*BEH_BASE_AddCallLater*" 
Directory: /home/poorna/entangled/maidsafe-dht/maidsafe-dht-read-only/src/build/Linux
"BEH_BASE_AddCallLater" start time: Jul 10 12:11 IST
Output:
----------------------------------------------------------
Note: Google Test filter = *BEH_BASE_AddCallLater*
[==========] Running 1 test from 1 test case.
[----------] Global test environment set-up.
[----------] 1 test from CallLaterTest
[ RUN      ] CallLaterTest.BEH_BASE_AddCallLater

Dtor
[       OK ] CallLaterTest.BEH_BASE_AddCallLater
[----------] Global test environment tear-down
[==========] 1 test from 1 test case ran.
[  PASSED  ] 1 test.
----------------------------------------------------------
"BEH_BASE_AddCallLater" end time: Jul 10 12:11 IST
"BEH_BASE_AddCallLater" time elapsed: 00:00:00
----------------------------------------------------------

11/44 Testing: BEH_BASE_AddDestroyCallLater
11/44 Test: BEH_BASE_AddDestroyCallLater
Command: "/home/poorna/entangled/maidsafe-dht/maidsafe-dht-read-only/src/build/Linux/Debug/bin/TESTbase" "--gtest_filter=*BEH_BASE_AddDestroyCallLater*" 
Directory: /home/poorna/entangled/maidsafe-dht/maidsafe-dht-read-only/src/build/Linux
"BEH_BASE_AddDestroyCallLater" start time: Jul 10 12:11 IST
Output:
----------------------------------------------------------
Note: Google Test filter = *BEH_BASE_AddDestroyCallLater*
[==========] Running 1 test from 1 test case.
[----------] Global test environment set-up.
[----------] 1 test from CallLaterTest
[ RUN      ] CallLaterTest.BEH_BASE_AddDestroyCallLater

Dtor
Mutex was destroyed.
[       OK ] CallLaterTest.BEH_BASE_AddDestroyCallLater
[----------] Global test environment tear-down
[==========] 1 test from 1 test case ran.
[  PASSED  ] 1 test.
----------------------------------------------------------
"BEH_BASE_AddDestroyCallLater" end time: Jul 10 12:11 IST
"BEH_BASE_AddDestroyCallLater" time elapsed: 00:00:00
----------------------------------------------------------

12/44 Testing: BEH_BASE_AddDestroyAgainCallLater
12/44 Test: BEH_BASE_AddDestroyAgainCallLater
Command: "/home/poorna/entangled/maidsafe-dht/maidsafe-dht-read-only/src/build/Linux/Debug/bin/TESTbase" "--gtest_filter=*BEH_BASE_AddDestroyAgainCallLater*" 
Directory: /home/poorna/entangled/maidsafe-dht/maidsafe-dht-read-only/src/build/Linux
"BEH_BASE_AddDestroyAgainCallLater" start time: Jul 10 12:11 IST
Output:
----------------------------------------------------------
Note: Google Test filter = *BEH_BASE_AddDestroyAgainCallLater*
[==========] Running 1 test from 1 test case.
[----------] Global test environment set-up.
[----------] 1 test from CallLaterTest
[ RUN      ] CallLaterTest.BEH_BASE_AddDestroyAgainCallLater

Dtor
Mutex was destroyed.
[       OK ] CallLaterTest.BEH_BASE_AddDestroyAgainCallLater
[----------] Global test environment tear-down
[==========] 1 test from 1 test case ran.
[  PASSED  ] 1 test.
----------------------------------------------------------
"BEH_BASE_AddDestroyAgainCallLater" end time: Jul 10 12:11 IST
"BEH_BASE_AddDestroyAgainCallLater" time elapsed: 00:00:00
----------------------------------------------------------

13/44 Testing: BEH_BASE_AddManyCallLaters
13/44 Test: BEH_BASE_AddManyCallLaters
Command: "/home/poorna/entangled/maidsafe-dht/maidsafe-dht-read-only/src/build/Linux/Debug/bin/TESTbase" "--gtest_filter=*BEH_BASE_AddManyCallLaters*" 
Directory: /home/poorna/entangled/maidsafe-dht/maidsafe-dht-read-only/src/build/Linux
"BEH_BASE_AddManyCallLaters" start time: Jul 10 12:11 IST
Output:
----------------------------------------------------------
Note: Google Test filter = *BEH_BASE_AddManyCallLaters*
[==========] Running 1 test from 1 test case.
[----------] Global test environment set-up.
[----------] 1 test from CallLaterTest
[ RUN      ] CallLaterTest.BEH_BASE_AddManyCallLaters

First 100 call laters executed.

Second 100 call laters executed.

Dtor
[       OK ] CallLaterTest.BEH_BASE_AddManyCallLaters
[----------] Global test environment tear-down
[==========] 1 test from 1 test case ran.
[  PASSED  ] 1 test.
----------------------------------------------------------
"BEH_BASE_AddManyCallLaters" end time: Jul 10 12:11 IST
"BEH_BASE_AddManyCallLaters" time elapsed: 00:00:03
----------------------------------------------------------

14/44 Testing: BEH_BASE_AddRemoveCallLaters
14/44 Test: BEH_BASE_AddRemoveCallLaters
Command: "/home/poorna/entangled/maidsafe-dht/maidsafe-dht-read-only/src/build/Linux/Debug/bin/TESTbase" "--gtest_filter=*BEH_BASE_AddRemoveCallLaters*" 
Directory: /home/poorna/entangled/maidsafe-dht/maidsafe-dht-read-only/src/build/Linux
"BEH_BASE_AddRemoveCallLaters" start time: Jul 10 12:11 IST
Output:
----------------------------------------------------------
Note: Google Test filter = *BEH_BASE_AddRemoveCallLaters*
[==========] Running 1 test from 1 test case.
[----------] Global test environment set-up.
[----------] 1 test from CallLaterTest
[ RUN      ] CallLaterTest.BEH_BASE_AddRemoveCallLaters
Before scheduling 1st run
Scheduled 1st run, before cancelling 100
Finished 1st run, before scheduling 2nd.
Finished 2nd run, before scheduling 3rd.

Dtor
[       OK ] CallLaterTest.BEH_BASE_AddRemoveCallLaters
[----------] Global test environment tear-down
[==========] 1 test from 1 test case ran.
[  PASSED  ] 1 test.
----------------------------------------------------------
"BEH_BASE_AddRemoveCallLaters" end time: Jul 10 12:11 IST
"BEH_BASE_AddRemoveCallLaters" time elapsed: 00:00:05
----------------------------------------------------------

15/44 Testing: BEH_BASE_AddPtrCallLater
15/44 Test: BEH_BASE_AddPtrCallLater
Command: "/home/poorna/entangled/maidsafe-dht/maidsafe-dht-read-only/src/build/Linux/Debug/bin/TESTbase" "--gtest_filter=*BEH_BASE_AddPtrCallLater*" 
Directory: /home/poorna/entangled/maidsafe-dht/maidsafe-dht-read-only/src/build/Linux
"BEH_BASE_AddPtrCallLater" start time: Jul 10 12:11 IST
Output:
----------------------------------------------------------
Note: Google Test filter = *BEH_BASE_AddPtrCallLater*
[==========] Running 1 test from 1 test case.
[----------] Global test environment set-up.
[----------] 1 test from CallLaterTest
[ RUN      ] CallLaterTest.BEH_BASE_AddPtrCallLater

Dtor
[       OK ] CallLaterTest.BEH_BASE_AddPtrCallLater
[----------] Global test environment tear-down
[==========] 1 test from 1 test case ran.
[  PASSED  ] 1 test.
----------------------------------------------------------
"BEH_BASE_AddPtrCallLater" end time: Jul 10 12:11 IST
"BEH_BASE_AddPtrCallLater" time elapsed: 00:00:00
----------------------------------------------------------

16/44 Testing: BEH_BASE_AddDestroyPtrCallLater
16/44 Test: BEH_BASE_AddDestroyPtrCallLater
Command: "/home/poorna/entangled/maidsafe-dht/maidsafe-dht-read-only/src/build/Linux/Debug/bin/TESTbase" "--gtest_filter=*BEH_BASE_AddDestroyPtrCallLater*" 
Directory: /home/poorna/entangled/maidsafe-dht/maidsafe-dht-read-only/src/build/Linux
"BEH_BASE_AddDestroyPtrCallLater" start time: Jul 10 12:11 IST
Output:
----------------------------------------------------------
Note: Google Test filter = *BEH_BASE_AddDestroyPtrCallLater*
[==========] Running 1 test from 1 test case.
[----------] Global test environment set-up.
[----------] 1 test from CallLaterTest
[ RUN      ] CallLaterTest.BEH_BASE_AddDestroyPtrCallLater

Dtor
Mutex was destroyed.
[       OK ] CallLaterTest.BEH_BASE_AddDestroyPtrCallLater
[----------] Global test environment tear-down
[==========] 1 test from 1 test case ran.
[  PASSED  ] 1 test.
----------------------------------------------------------
"BEH_BASE_AddDestroyPtrCallLater" end time: Jul 10 12:11 IST
"BEH_BASE_AddDestroyPtrCallLater" time elapsed: 00:00:00
----------------------------------------------------------

17/44 Testing: BEH_BASE_AddDestroyAgainPtrCallLater
17/44 Test: BEH_BASE_AddDestroyAgainPtrCallLater
Command: "/home/poorna/entangled/maidsafe-dht/maidsafe-dht-read-only/src/build/Linux/Debug/bin/TESTbase" "--gtest_filter=*BEH_BASE_AddDestroyAgainPtrCallLater*" 
Directory: /home/poorna/entangled/maidsafe-dht/maidsafe-dht-read-only/src/build/Linux
"BEH_BASE_AddDestroyAgainPtrCallLater" start time: Jul 10 12:11 IST
Output:
----------------------------------------------------------
Note: Google Test filter = *BEH_BASE_AddDestroyAgainPtrCallLater*
[==========] Running 1 test from 1 test case.
[----------] Global test environment set-up.
[----------] 1 test from CallLaterTest
[ RUN      ] CallLaterTest.BEH_BASE_AddDestroyAgainPtrCallLater

Dtor
Mutex was destroyed.

Dtor
[       OK ] CallLaterTest.BEH_BASE_AddDestroyAgainPtrCallLater
[----------] Global test environment tear-down
[==========] 1 test from 1 test case ran.
[  PASSED  ] 1 test.
----------------------------------------------------------
"BEH_BASE_AddDestroyAgainPtrCallLater" end time: Jul 10 12:11 IST
"BEH_BASE_AddDestroyAgainPtrCallLater" time elapsed: 00:00:00
----------------------------------------------------------

18/44 Testing: BEH_BASE_CppSqliteErrors
18/44 Test: BEH_BASE_CppSqliteErrors
Command: "/home/poorna/entangled/maidsafe-dht/maidsafe-dht-read-only/src/build/Linux/Debug/bin/TESTbase" "--gtest_filter=*BEH_BASE_CppSqliteErrors*" 
Directory: /home/poorna/entangled/maidsafe-dht/maidsafe-dht-read-only/src/build/Linux
"BEH_BASE_CppSqliteErrors" start time: Jul 10 12:11 IST
Output:
----------------------------------------------------------
Note: Google Test filter = *BEH_BASE_CppSqliteErrors*
[==========] Running 1 test from 1 test case.
[----------] Global test environment set-up.
[----------] 1 test from CppSQLite3Test
[ RUN      ] CppSQLite3Test.BEH_BASE_CppSqliteErrors
[       OK ] CppSQLite3Test.BEH_BASE_CppSqliteErrors
[----------] Global test environment tear-down
[==========] 1 test from 1 test case ran.
[  PASSED  ] 1 test.
----------------------------------------------------------
"BEH_BASE_CppSqliteErrors" end time: Jul 10 12:11 IST
"BEH_BASE_CppSqliteErrors" time elapsed: 00:00:00
----------------------------------------------------------

19/44 Testing: BEH_BASE_CppSqliteException
19/44 Test: BEH_BASE_CppSqliteException
Command: "/home/poorna/entangled/maidsafe-dht/maidsafe-dht-read-only/src/build/Linux/Debug/bin/TESTbase" "--gtest_filter=*BEH_BASE_CppSqliteException*" 
Directory: /home/poorna/entangled/maidsafe-dht/maidsafe-dht-read-only/src/build/Linux
"BEH_BASE_CppSqliteException" start time: Jul 10 12:11 IST
Output:
----------------------------------------------------------
Note: Google Test filter = *BEH_BASE_CppSqliteException*
[==========] Running 1 test from 1 test case.
[----------] Global test environment set-up.
[----------] 1 test from CppSQLite3Test
[ RUN      ] CppSQLite3Test.BEH_BASE_CppSqliteException
[       OK ] CppSQLite3Test.BEH_BASE_CppSqliteException
[----------] Global test environment tear-down
[==========] 1 test from 1 test case ran.
[  PASSED  ] 1 test.
----------------------------------------------------------
"BEH_BASE_CppSqliteException" end time: Jul 10 12:11 IST
"BEH_BASE_CppSqliteException" time elapsed: 00:00:00
----------------------------------------------------------

20/44 Testing: BEH_BASE_ObfuscatDiffSizes
20/44 Test: BEH_BASE_ObfuscatDiffSizes
Command: "/home/poorna/entangled/maidsafe-dht/maidsafe-dht-read-only/src/build/Linux/Debug/bin/TESTbase" "--gtest_filter=*BEH_BASE_ObfuscatDiffSizes*" 
Directory: /home/poorna/entangled/maidsafe-dht/maidsafe-dht-read-only/src/build/Linux
"BEH_BASE_ObfuscatDiffSizes" start time: Jul 10 12:11 IST
Output:
----------------------------------------------------------
Note: Google Test filter = *BEH_BASE_ObfuscatDiffSizes*
[==========] Running 1 test from 1 test case.
[----------] Global test environment set-up.
[----------] 1 test from CryptoTest
[ RUN      ] CryptoTest.BEH_BASE_ObfuscatDiffSizes
[       OK ] CryptoTest.BEH_BASE_ObfuscatDiffSizes
[----------] Global test environment tear-down
[==========] 1 test from 1 test case ran.
[  PASSED  ] 1 test.
----------------------------------------------------------
"BEH_BASE_ObfuscatDiffSizes" end time: Jul 10 12:11 IST
"BEH_BASE_ObfuscatDiffSizes" time elapsed: 00:00:00
----------------------------------------------------------

21/44 Testing: BEH_BASE_Obfuscation
21/44 Test: BEH_BASE_Obfuscation
Command: "/home/poorna/entangled/maidsafe-dht/maidsafe-dht-read-only/src/build/Linux/Debug/bin/TESTbase" "--gtest_filter=*BEH_BASE_Obfuscation*" 
Directory: /home/poorna/entangled/maidsafe-dht/maidsafe-dht-read-only/src/build/Linux
"BEH_BASE_Obfuscation" start time: Jul 10 12:11 IST
Output:
----------------------------------------------------------
Note: Google Test filter = *BEH_BASE_Obfuscation*
[==========] Running 1 test from 1 test case.
[----------] Global test environment set-up.
[----------] 1 test from CryptoTest
[ RUN      ] CryptoTest.BEH_BASE_Obfuscation
[       OK ] CryptoTest.BEH_BASE_Obfuscation
[----------] Global test environment tear-down
[==========] 1 test from 1 test case ran.
[  PASSED  ] 1 test.
----------------------------------------------------------
"BEH_BASE_Obfuscation" end time: Jul 10 12:11 IST
"BEH_BASE_Obfuscation" time elapsed: 00:00:00
----------------------------------------------------------

22/44 Testing: BEH_BASE_SecurePasswordGeneration
22/44 Test: BEH_BASE_SecurePasswordGeneration
Command: "/home/poorna/entangled/maidsafe-dht/maidsafe-dht-read-only/src/build/Linux/Debug/bin/TESTbase" "--gtest_filter=*BEH_BASE_SecurePasswordGeneration*" 
Directory: /home/poorna/entangled/maidsafe-dht/maidsafe-dht-read-only/src/build/Linux
"BEH_BASE_SecurePasswordGeneration" start time: Jul 10 12:11 IST
Output:
----------------------------------------------------------
Note: Google Test filter = *BEH_BASE_SecurePasswordGeneration*
[==========] Running 1 test from 1 test case.
[----------] Global test environment set-up.
[----------] 1 test from CryptoTest
[ RUN      ] CryptoTest.BEH_BASE_SecurePasswordGeneration
[       OK ] CryptoTest.BEH_BASE_SecurePasswordGeneration
[----------] Global test environment tear-down
[==========] 1 test from 1 test case ran.
[  PASSED  ] 1 test.
----------------------------------------------------------
"BEH_BASE_SecurePasswordGeneration" end time: Jul 10 12:11 IST
"BEH_BASE_SecurePasswordGeneration" time elapsed: 00:00:00
----------------------------------------------------------

23/44 Testing: BEH_BASE_SetAlgorithm
23/44 Test: BEH_BASE_SetAlgorithm
Command: "/home/poorna/entangled/maidsafe-dht/maidsafe-dht-read-only/src/build/Linux/Debug/bin/TESTbase" "--gtest_filter=*BEH_BASE_SetAlgorithm*" 
Directory: /home/poorna/entangled/maidsafe-dht/maidsafe-dht-read-only/src/build/Linux
"BEH_BASE_SetAlgorithm" start time: Jul 10 12:11 IST
Output:
----------------------------------------------------------
Note: Google Test filter = *BEH_BASE_SetAlgorithm*
[==========] Running 1 test from 1 test case.
[----------] Global test environment set-up.
[----------] 1 test from CryptoTest
[ RUN      ] CryptoTest.BEH_BASE_SetAlgorithm
[       OK ] CryptoTest.BEH_BASE_SetAlgorithm
[----------] Global test environment tear-down
[==========] 1 test from 1 test case ran.
[  PASSED  ] 1 test.
----------------------------------------------------------
"BEH_BASE_SetAlgorithm" end time: Jul 10 12:11 IST
"BEH_BASE_SetAlgorithm" time elapsed: 00:00:00
----------------------------------------------------------

24/44 Testing: BEH_BASE_GetAlgorithm
24/44 Test: BEH_BASE_GetAlgorithm
Command: "/home/poorna/entangled/maidsafe-dht/maidsafe-dht-read-only/src/build/Linux/Debug/bin/TESTbase" "--gtest_filter=*BEH_BASE_GetAlgorithm*" 
Directory: /home/poorna/entangled/maidsafe-dht/maidsafe-dht-read-only/src/build/Linux
"BEH_BASE_GetAlgorithm" start time: Jul 10 12:11 IST
Output:
----------------------------------------------------------
Note: Google Test filter = *BEH_BASE_GetAlgorithm*
[==========] Running 1 test from 1 test case.
[----------] Global test environment set-up.
[----------] 1 test from CryptoTest
[ RUN      ] CryptoTest.BEH_BASE_GetAlgorithm
[       OK ] CryptoTest.BEH_BASE_GetAlgorithm
[----------] Global test environment tear-down
[==========] 1 test from 1 test case ran.
[  PASSED  ] 1 test.
----------------------------------------------------------
"BEH_BASE_GetAlgorithm" end time: Jul 10 12:11 IST
"BEH_BASE_GetAlgorithm" time elapsed: 00:00:00
----------------------------------------------------------

25/44 Testing: BEH_BASE_SetSymmAlgorithm
25/44 Test: BEH_BASE_SetSymmAlgorithm
Command: "/home/poorna/entangled/maidsafe-dht/maidsafe-dht-read-only/src/build/Linux/Debug/bin/TESTbase" "--gtest_filter=*BEH_BASE_SetSymmAlgorithm*" 
Directory: /home/poorna/entangled/maidsafe-dht/maidsafe-dht-read-only/src/build/Linux
"BEH_BASE_SetSymmAlgorithm" start time: Jul 10 12:11 IST
Output:
----------------------------------------------------------
Note: Google Test filter = *BEH_BASE_SetSymmAlgorithm*
[==========] Running 1 test from 1 test case.
[----------] Global test environment set-up.
[----------] 1 test from CryptoTest
[ RUN      ] CryptoTest.BEH_BASE_SetSymmAlgorithm
[       OK ] CryptoTest.BEH_BASE_SetSymmAlgorithm
[----------] Global test environment tear-down
[==========] 1 test from 1 test case ran.
[  PASSED  ] 1 test.
----------------------------------------------------------
"BEH_BASE_SetSymmAlgorithm" end time: Jul 10 12:11 IST
"BEH_BASE_SetSymmAlgorithm" time elapsed: 00:00:00
----------------------------------------------------------

26/44 Testing: BEH_BASE_AsymEncrypt
26/44 Test: BEH_BASE_AsymEncrypt
Command: "/home/poorna/entangled/maidsafe-dht/maidsafe-dht-read-only/src/build/Linux/Debug/bin/TESTbase" "--gtest_filter=*BEH_BASE_AsymEncrypt*" 
Directory: /home/poorna/entangled/maidsafe-dht/maidsafe-dht-read-only/src/build/Linux
"BEH_BASE_AsymEncrypt" start time: Jul 10 12:11 IST
Output:
----------------------------------------------------------
Note: Google Test filter = *BEH_BASE_AsymEncrypt*
[==========] Running 1 test from 1 test case.
[----------] Global test environment set-up.
[----------] 1 test from CryptoTest
[ RUN      ] CryptoTest.BEH_BASE_AsymEncrypt
[       OK ] CryptoTest.BEH_BASE_AsymEncrypt
[----------] Global test environment tear-down
[==========] 1 test from 1 test case ran.
[  PASSED  ] 1 test.
----------------------------------------------------------
"BEH_BASE_AsymEncrypt" end time: Jul 10 12:11 IST
"BEH_BASE_AsymEncrypt" time elapsed: 00:00:04
----------------------------------------------------------

27/44 Testing: BEH_BASE_AsymSign
27/44 Test: BEH_BASE_AsymSign
Command: "/home/poorna/entangled/maidsafe-dht/maidsafe-dht-read-only/src/build/Linux/Debug/bin/TESTbase" "--gtest_filter=*BEH_BASE_AsymSign*" 
Directory: /home/poorna/entangled/maidsafe-dht/maidsafe-dht-read-only/src/build/Linux
"BEH_BASE_AsymSign" start time: Jul 10 12:11 IST
Output:
----------------------------------------------------------
Note: Google Test filter = *BEH_BASE_AsymSign*
[==========] Running 1 test from 1 test case.
[----------] Global test environment set-up.
[----------] 1 test from CryptoTest
[ RUN      ] CryptoTest.BEH_BASE_AsymSign
[       OK ] CryptoTest.BEH_BASE_AsymSign
[----------] Global test environment tear-down
[==========] 1 test from 1 test case ran.
[  PASSED  ] 1 test.
----------------------------------------------------------
"BEH_BASE_AsymSign" end time: Jul 10 12:11 IST
"BEH_BASE_AsymSign" time elapsed: 00:00:07
----------------------------------------------------------

28/44 Testing: BEH_BASE_SetPublicKey
28/44 Test: BEH_BASE_SetPublicKey
Command: "/home/poorna/entangled/maidsafe-dht/maidsafe-dht-read-only/src/build/Linux/Debug/bin/TESTbase" "--gtest_filter=*BEH_BASE_SetPublicKey*" 
Directory: /home/poorna/entangled/maidsafe-dht/maidsafe-dht-read-only/src/build/Linux
"BEH_BASE_SetPublicKey" start time: Jul 10 12:11 IST
Output:
----------------------------------------------------------
Note: Google Test filter = *BEH_BASE_SetPublicKey*
[==========] Running 1 test from 1 test case.
[----------] Global test environment set-up.
[----------] 1 test from RSAKeysTest
[ RUN      ] RSAKeysTest.BEH_BASE_SetPublicKey
[       OK ] RSAKeysTest.BEH_BASE_SetPublicKey
[----------] Global test environment tear-down
[==========] 1 test from 1 test case ran.
[  PASSED  ] 1 test.
----------------------------------------------------------
"BEH_BASE_SetPublicKey" end time: Jul 10 12:11 IST
"BEH_BASE_SetPublicKey" time elapsed: 00:00:00
----------------------------------------------------------

29/44 Testing: BEH_BASE_SetPrivateKey
29/44 Test: BEH_BASE_SetPrivateKey
Command: "/home/poorna/entangled/maidsafe-dht/maidsafe-dht-read-only/src/build/Linux/Debug/bin/TESTbase" "--gtest_filter=*BEH_BASE_SetPrivateKey*" 
Directory: /home/poorna/entangled/maidsafe-dht/maidsafe-dht-read-only/src/build/Linux
"BEH_BASE_SetPrivateKey" start time: Jul 10 12:11 IST
Output:
----------------------------------------------------------
Note: Google Test filter = *BEH_BASE_SetPrivateKey*
[==========] Running 1 test from 1 test case.
[----------] Global test environment set-up.
[----------] 1 test from RSAKeysTest
[ RUN      ] RSAKeysTest.BEH_BASE_SetPrivateKey
[       OK ] RSAKeysTest.BEH_BASE_SetPrivateKey
[----------] Global test environment tear-down
[==========] 1 test from 1 test case ran.
[  PASSED  ] 1 test.
----------------------------------------------------------
"BEH_BASE_SetPrivateKey" end time: Jul 10 12:11 IST
"BEH_BASE_SetPrivateKey" time elapsed: 00:00:00
----------------------------------------------------------

30/44 Testing: BEH_BASE_KeyGeneration
30/44 Test: BEH_BASE_KeyGeneration
Command: "/home/poorna/entangled/maidsafe-dht/maidsafe-dht-read-only/src/build/Linux/Debug/bin/TESTbase" "--gtest_filter=*BEH_BASE_KeyGeneration*" 
Directory: /home/poorna/entangled/maidsafe-dht/maidsafe-dht-read-only/src/build/Linux
"BEH_BASE_KeyGeneration" start time: Jul 10 12:11 IST
Output:
----------------------------------------------------------
Note: Google Test filter = *BEH_BASE_KeyGeneration*
[==========] Running 1 test from 1 test case.
[----------] Global test environment set-up.
[----------] 1 test from RSAKeysTest
[ RUN      ] RSAKeysTest.BEH_BASE_KeyGeneration
[       OK ] RSAKeysTest.BEH_BASE_KeyGeneration
[----------] Global test environment tear-down
[==========] 1 test from 1 test case ran.
[  PASSED  ] 1 test.
----------------------------------------------------------
"BEH_BASE_KeyGeneration" end time: Jul 10 12:11 IST
"BEH_BASE_KeyGeneration" time elapsed: 00:00:04
----------------------------------------------------------

31/44 Testing: BEH_BASE_ClearKeys
31/44 Test: BEH_BASE_ClearKeys
Command: "/home/poorna/entangled/maidsafe-dht/maidsafe-dht-read-only/src/build/Linux/Debug/bin/TESTbase" "--gtest_filter=*BEH_BASE_ClearKeys*" 
Directory: /home/poorna/entangled/maidsafe-dht/maidsafe-dht-read-only/src/build/Linux
"BEH_BASE_ClearKeys" start time: Jul 10 12:11 IST
Output:
----------------------------------------------------------
Note: Google Test filter = *BEH_BASE_ClearKeys*
[==========] Running 1 test from 1 test case.
[----------] Global test environment set-up.
[----------] 1 test from RSAKeysTest
[ RUN      ] RSAKeysTest.BEH_BASE_ClearKeys
[       OK ] RSAKeysTest.BEH_BASE_ClearKeys
[----------] Global test environment tear-down
[==========] 1 test from 1 test case ran.
[  PASSED  ] 1 test.
----------------------------------------------------------
"BEH_BASE_ClearKeys" end time: Jul 10 12:12 IST
"BEH_BASE_ClearKeys" time elapsed: 00:00:01
----------------------------------------------------------

32/44 Testing: BEH_BASE_TidyPath
32/44 Test: BEH_BASE_TidyPath
Command: "/home/poorna/entangled/maidsafe-dht/maidsafe-dht-read-only/src/build/Linux/Debug/bin/TESTbase" "--gtest_filter=*BEH_BASE_TidyPath*" 
Directory: /home/poorna/entangled/maidsafe-dht/maidsafe-dht-read-only/src/build/Linux
"BEH_BASE_TidyPath" start time: Jul 10 12:12 IST
Output:
----------------------------------------------------------
Note: Google Test filter = *BEH_BASE_TidyPath*
[==========] Running 1 test from 1 test case.
[----------] Global test environment set-up.
[----------] 1 test from UtilsTest
[ RUN      ] UtilsTest.BEH_BASE_TidyPath
[       OK ] UtilsTest.BEH_BASE_TidyPath
[----------] Global test environment tear-down
[==========] 1 test from 1 test case ran.
[  PASSED  ] 1 test.
----------------------------------------------------------
"BEH_BASE_TidyPath" end time: Jul 10 12:12 IST
"BEH_BASE_TidyPath" time elapsed: 00:00:00
----------------------------------------------------------

33/44 Testing: BEH_BASE_IntegersAndStrings
33/44 Test: BEH_BASE_IntegersAndStrings
Command: "/home/poorna/entangled/maidsafe-dht/maidsafe-dht-read-only/src/build/Linux/Debug/bin/TESTbase" "--gtest_filter=*BEH_BASE_IntegersAndStrings*" 
Directory: /home/poorna/entangled/maidsafe-dht/maidsafe-dht-read-only/src/build/Linux
"BEH_BASE_IntegersAndStrings" start time: Jul 10 12:12 IST
Output:
----------------------------------------------------------
Note: Google Test filter = *BEH_BASE_IntegersAndStrings*
[==========] Running 1 test from 1 test case.
[----------] Global test environment set-up.
[----------] 1 test from UtilsTest
[ RUN      ] UtilsTest.BEH_BASE_IntegersAndStrings
[       OK ] UtilsTest.BEH_BASE_IntegersAndStrings
[----------] Global test environment tear-down
[==========] 1 test from 1 test case ran.
[  PASSED  ] 1 test.
----------------------------------------------------------
"BEH_BASE_IntegersAndStrings" end time: Jul 10 12:12 IST
"BEH_BASE_IntegersAndStrings" time elapsed: 00:00:00
----------------------------------------------------------

34/44 Testing: BEH_BASE_QuoteSanitisation
34/44 Test: BEH_BASE_QuoteSanitisation
Command: "/home/poorna/entangled/maidsafe-dht/maidsafe-dht-read-only/src/build/Linux/Debug/bin/TESTbase" "--gtest_filter=*BEH_BASE_QuoteSanitisation*" 
Directory: /home/poorna/entangled/maidsafe-dht/maidsafe-dht-read-only/src/build/Linux
"BEH_BASE_QuoteSanitisation" start time: Jul 10 12:12 IST
Output:
----------------------------------------------------------
Note: Google Test filter = *BEH_BASE_QuoteSanitisation*
[==========] Running 1 test from 1 test case.
[----------] Global test environment set-up.
[----------] 1 test from UtilsTest
[ RUN      ] UtilsTest.BEH_BASE_QuoteSanitisation
[       OK ] UtilsTest.BEH_BASE_QuoteSanitisation
[----------] Global test environment tear-down
[==========] 1 test from 1 test case ran.
[  PASSED  ] 1 test.
----------------------------------------------------------
"BEH_BASE_QuoteSanitisation" end time: Jul 10 12:12 IST
"BEH_BASE_QuoteSanitisation" time elapsed: 00:00:00
----------------------------------------------------------

35/44 Testing: BEH_BASE_RandomString
35/44 Test: BEH_BASE_RandomString
Command: "/home/poorna/entangled/maidsafe-dht/maidsafe-dht-read-only/src/build/Linux/Debug/bin/TESTbase" "--gtest_filter=*BEH_BASE_RandomString*" 
Directory: /home/poorna/entangled/maidsafe-dht/maidsafe-dht-read-only/src/build/Linux
"BEH_BASE_RandomString" start time: Jul 10 12:12 IST
Output:
----------------------------------------------------------
Note: Google Test filter = *BEH_BASE_RandomString*
[==========] Running 1 test from 1 test case.
[----------] Global test environment set-up.
[----------] 1 test from UtilsTest
[ RUN      ] UtilsTest.BEH_BASE_RandomString
[       OK ] UtilsTest.BEH_BASE_RandomString
[----------] Global test environment tear-down
[==========] 1 test from 1 test case ran.
[  PASSED  ] 1 test.
----------------------------------------------------------
"BEH_BASE_RandomString" end time: Jul 10 12:12 IST
"BEH_BASE_RandomString" time elapsed: 00:00:00
----------------------------------------------------------

36/44 Testing: BEH_BASE_HexEncodeDecode
36/44 Test: BEH_BASE_HexEncodeDecode
Command: "/home/poorna/entangled/maidsafe-dht/maidsafe-dht-read-only/src/build/Linux/Debug/bin/TESTbase" "--gtest_filter=*BEH_BASE_HexEncodeDecode*" 
Directory: /home/poorna/entangled/maidsafe-dht/maidsafe-dht-read-only/src/build/Linux
"BEH_BASE_HexEncodeDecode" start time: Jul 10 12:12 IST
Output:
----------------------------------------------------------
Note: Google Test filter = *BEH_BASE_HexEncodeDecode*
[==========] Running 1 test from 1 test case.
[----------] Global test environment set-up.
[----------] 1 test from UtilsTest
[ RUN      ] UtilsTest.BEH_BASE_HexEncodeDecode
[       OK ] UtilsTest.BEH_BASE_HexEncodeDecode
[----------] Global test environment tear-down
[==========] 1 test from 1 test case ran.
[  PASSED  ] 1 test.
----------------------------------------------------------
"BEH_BASE_HexEncodeDecode" end time: Jul 10 12:12 IST
"BEH_BASE_HexEncodeDecode" time elapsed: 00:00:00
----------------------------------------------------------

37/44 Testing: BEH_BASE_BoostAndAscii
37/44 Test: BEH_BASE_BoostAndAscii
Command: "/home/poorna/entangled/maidsafe-dht/maidsafe-dht-read-only/src/build/Linux/Debug/bin/TESTbase" "--gtest_filter=*BEH_BASE_BoostAndAscii*" 
Directory: /home/poorna/entangled/maidsafe-dht/maidsafe-dht-read-only/src/build/Linux
"BEH_BASE_BoostAndAscii" start time: Jul 10 12:12 IST
Output:
----------------------------------------------------------
Note: Google Test filter = *BEH_BASE_BoostAndAscii*
[==========] Running 1 test from 1 test case.
[----------] Global test environment set-up.
[----------] 1 test from UtilsTest
[ RUN      ] UtilsTest.BEH_BASE_BoostAndAscii
[       OK ] UtilsTest.BEH_BASE_BoostAndAscii
[----------] Global test environment tear-down
[==========] 1 test from 1 test case ran.
[  PASSED  ] 1 test.
----------------------------------------------------------
"BEH_BASE_BoostAndAscii" end time: Jul 10 12:12 IST
"BEH_BASE_BoostAndAscii" time elapsed: 00:00:00
----------------------------------------------------------

38/44 Testing: BEH_BASE_TimeFunctions
38/44 Test: BEH_BASE_TimeFunctions
Command: "/home/poorna/entangled/maidsafe-dht/maidsafe-dht-read-only/src/build/Linux/Debug/bin/TESTbase" "--gtest_filter=*BEH_BASE_TimeFunctions*" 
Directory: /home/poorna/entangled/maidsafe-dht/maidsafe-dht-read-only/src/build/Linux
"BEH_BASE_TimeFunctions" start time: Jul 10 12:12 IST
Output:
----------------------------------------------------------
Note: Google Test filter = *BEH_BASE_TimeFunctions*
[==========] Running 1 test from 1 test case.
[----------] Global test environment set-up.
[----------] 1 test from UtilsTest
[ RUN      ] UtilsTest.BEH_BASE_TimeFunctions
[       OK ] UtilsTest.BEH_BASE_TimeFunctions
[----------] Global test environment tear-down
[==========] 1 test from 1 test case ran.
[  PASSED  ] 1 test.
----------------------------------------------------------
"BEH_BASE_TimeFunctions" end time: Jul 10 12:12 IST
"BEH_BASE_TimeFunctions" time elapsed: 00:00:00
----------------------------------------------------------

39/44 Testing: BEH_BASE_NextTransactionId
39/44 Test: BEH_BASE_NextTransactionId
Command: "/home/poorna/entangled/maidsafe-dht/maidsafe-dht-read-only/src/build/Linux/Debug/bin/TESTbase" "--gtest_filter=*BEH_BASE_NextTransactionId*" 
Directory: /home/poorna/entangled/maidsafe-dht/maidsafe-dht-read-only/src/build/Linux
"BEH_BASE_NextTransactionId" start time: Jul 10 12:12 IST
Output:
----------------------------------------------------------
Note: Google Test filter = *BEH_BASE_NextTransactionId*
[==========] Running 1 test from 1 test case.
[----------] Global test environment set-up.
[----------] 1 test from UtilsTest
[ RUN      ] UtilsTest.BEH_BASE_NextTransactionId
[       OK ] UtilsTest.BEH_BASE_NextTransactionId
[----------] Global test environment tear-down
[==========] 1 test from 1 test case ran.
[  PASSED  ] 1 test.
----------------------------------------------------------
"BEH_BASE_NextTransactionId" end time: Jul 10 12:12 IST
"BEH_BASE_NextTransactionId" time elapsed: 00:00:00
----------------------------------------------------------

40/44 Testing: BEH_BASE_DecimalAndAscii
40/44 Test: BEH_BASE_DecimalAndAscii
Command: "/home/poorna/entangled/maidsafe-dht/maidsafe-dht-read-only/src/build/Linux/Debug/bin/TESTbase" "--gtest_filter=*BEH_BASE_DecimalAndAscii*" 
Directory: /home/poorna/entangled/maidsafe-dht/maidsafe-dht-read-only/src/build/Linux
"BEH_BASE_DecimalAndAscii" start time: Jul 10 12:12 IST
Output:
----------------------------------------------------------
Note: Google Test filter = *BEH_BASE_DecimalAndAscii*
[==========] Running 1 test from 1 test case.
[----------] Global test environment set-up.
[----------] 1 test from UtilsTest
[ RUN      ] UtilsTest.BEH_BASE_DecimalAndAscii
[       OK ] UtilsTest.BEH_BASE_DecimalAndAscii
[----------] Global test environment tear-down
[==========] 1 test from 1 test case ran.
[  PASSED  ] 1 test.
----------------------------------------------------------
"BEH_BASE_DecimalAndAscii" end time: Jul 10 12:12 IST
"BEH_BASE_DecimalAndAscii" time elapsed: 00:00:00
----------------------------------------------------------

41/44 Testing: BEH_BASE_NetworkInterfaces
41/44 Test: BEH_BASE_NetworkInterfaces
Command: "/home/poorna/entangled/maidsafe-dht/maidsafe-dht-read-only/src/build/Linux/Debug/bin/TESTbase" "--gtest_filter=*BEH_BASE_NetworkInterfaces*" 
Directory: /home/poorna/entangled/maidsafe-dht/maidsafe-dht-read-only/src/build/Linux
"BEH_BASE_NetworkInterfaces" start time: Jul 10 12:12 IST
Output:
----------------------------------------------------------
Note: Google Test filter = *BEH_BASE_NetworkInterfaces*
[==========] Running 1 test from 1 test case.
[----------] Global test environment set-up.
[----------] 1 test from UtilsTest
[ RUN      ] UtilsTest.BEH_BASE_NetworkInterfaces
lo
eth0
wlan0
[       OK ] UtilsTest.BEH_BASE_NetworkInterfaces
[----------] Global test environment tear-down
[==========] 1 test from 1 test case ran.
[  PASSED  ] 1 test.
----------------------------------------------------------
"BEH_BASE_NetworkInterfaces" end time: Jul 10 12:12 IST
"BEH_BASE_NetworkInterfaces" time elapsed: 00:00:00
----------------------------------------------------------

42/44 Testing: BEH_BASE_NameValidation
42/44 Test: BEH_BASE_NameValidation
Command: "/home/poorna/entangled/maidsafe-dht/maidsafe-dht-read-only/src/build/Linux/Debug/bin/TESTbase" "--gtest_filter=*BEH_BASE_NameValidation*" 
Directory: /home/poorna/entangled/maidsafe-dht/maidsafe-dht-read-only/src/build/Linux
"BEH_BASE_NameValidation" start time: Jul 10 12:12 IST
Output:
----------------------------------------------------------
Note: Google Test filter = *BEH_BASE_NameValidation*
[==========] Running 1 test from 1 test case.
[----------] Global test environment set-up.
[----------] 1 test from UtilsTest
[ RUN      ] UtilsTest.BEH_BASE_NameValidation
[       OK ] UtilsTest.BEH_BASE_NameValidation
[----------] Global test environment tear-down
[==========] 1 test from 1 test case ran.
[  PASSED  ] 1 test.
----------------------------------------------------------
"BEH_BASE_NameValidation" end time: Jul 10 12:12 IST
"BEH_BASE_NameValidation" time elapsed: 00:00:00
----------------------------------------------------------

43/44 Testing: BEH_BASE_RandomNumberGen
43/44 Test: BEH_BASE_RandomNumberGen
Command: "/home/poorna/entangled/maidsafe-dht/maidsafe-dht-read-only/src/build/Linux/Debug/bin/TESTbase" "--gtest_filter=*BEH_BASE_RandomNumberGen*" 
Directory: /home/poorna/entangled/maidsafe-dht/maidsafe-dht-read-only/src/build/Linux
"BEH_BASE_RandomNumberGen" start time: Jul 10 12:12 IST
Output:
----------------------------------------------------------
Note: Google Test filter = *BEH_BASE_RandomNumberGen*
[==========] Running 1 test from 1 test case.
[----------] Global test environment set-up.
[----------] 1 test from UtilsTest
[ RUN      ] UtilsTest.BEH_BASE_RandomNumberGen
[       OK ] UtilsTest.BEH_BASE_RandomNumberGen
[----------] Global test environment tear-down
[==========] 1 test from 1 test case ran.
[  PASSED  ] 1 test.
----------------------------------------------------------
"BEH_BASE_RandomNumberGen" end time: Jul 10 12:12 IST
"BEH_BASE_RandomNumberGen" time elapsed: 00:00:00
----------------------------------------------------------

44/44 Testing: BEH_BASE_TestStrToLwr
44/44 Test: BEH_BASE_TestStrToLwr
Command: "/home/poorna/entangled/maidsafe-dht/maidsafe-dht-read-only/src/build/Linux/Debug/bin/TESTbase" "--gtest_filter=*BEH_BASE_TestStrToLwr*" 
Directory: /home/poorna/entangled/maidsafe-dht/maidsafe-dht-read-only/src/build/Linux
"BEH_BASE_TestStrToLwr" start time: Jul 10 12:12 IST
Output:
----------------------------------------------------------
Note: Google Test filter = *BEH_BASE_TestStrToLwr*
[==========] Running 1 test from 1 test case.
[----------] Global test environment set-up.
[----------] 1 test from UtilsTest
[ RUN      ] UtilsTest.BEH_BASE_TestStrToLwr
[       OK ] UtilsTest.BEH_BASE_TestStrToLwr
[----------] Global test environment tear-down
[==========] 1 test from 1 test case ran.
[  PASSED  ] 1 test.
----------------------------------------------------------
"BEH_BASE_TestStrToLwr" end time: Jul 10 12:12 IST
"BEH_BASE_TestStrToLwr" time elapsed: 00:00:00
----------------------------------------------------------

End testing: Jul 10 12:12 IST
